e:\new4\учеба 2017\mk_lab1\mk_lab1\debug\mk_lab1.pch
e:\new4\учеба 2017\mk_lab1\mk_lab1\debug\vc141.pdb
e:\new4\учеба 2017\mk_lab1\mk_lab1\debug\vc141.idb
e:\new4\учеба 2017\mk_lab1\mk_lab1\debug\stdafx.obj
e:\new4\учеба 2017\mk_lab1\mk_lab1\debug\mklab1.obj
e:\new4\учеба 2017\mk_lab1\debug\mk_lab1.exe
e:\new4\учеба 2017\mk_lab1\debug\mk_lab1.ilk
e:\new4\учеба 2017\mk_lab1\debug\mk_lab1.pdb
c:\users\nelaps\documents\github\mk\mk_lab1\mk_lab1\debug\mklab1.obj
c:\users\nelaps\documents\github\mk\mk_lab1\mk_lab1\debug\stdafx.obj
c:\users\nelaps\documents\github\mk\mk_lab1\mk_lab1\debug\mk_lab1.pch
c:\users\nelaps\documents\github\mk\mk_lab1\mk_lab1\debug\vc141.idb
c:\users\nelaps\documents\github\mk\mk_lab1\mk_lab1\debug\vc141.pdb
c:\users\nelaps\documents\github\mk\mk_lab1\debug\mk_lab1.pdb
c:\users\nelaps\documents\github\mk\mk_lab1\debug\mk_lab1.exe
c:\users\nelaps\documents\github\mk\mk_lab1\debug\mk_lab1.ilk
c:\users\nelaps\documents\github\mk\mk_lab1\mk_lab1\debug\mk_lab1.tlog\cl.command.1.tlog
c:\users\nelaps\documents\github\mk\mk_lab1\mk_lab1\debug\mk_lab1.tlog\cl.read.1.tlog
c:\users\nelaps\documents\github\mk\mk_lab1\mk_lab1\debug\mk_lab1.tlog\cl.write.1.tlog
c:\users\nelaps\documents\github\mk\mk_lab1\mk_lab1\debug\mk_lab1.tlog\link.command.1.tlog
c:\users\nelaps\documents\github\mk\mk_lab1\mk_lab1\debug\mk_lab1.tlog\link.read.1.tlog
c:\users\nelaps\documents\github\mk\mk_lab1\mk_lab1\debug\mk_lab1.tlog\link.write.1.tlog
