c:\users\neldn\documents\visual studio 2017\projects\mk_lab1\mk_lab1\release\mk_lab1.pch
c:\users\neldn\documents\visual studio 2017\projects\mk_lab1\mk_lab1\release\vc141.pdb
c:\users\neldn\documents\visual studio 2017\projects\mk_lab1\mk_lab1\release\stdafx.obj
c:\users\neldn\documents\visual studio 2017\projects\mk_lab1\mk_lab1\release\mklab1.obj
c:\users\neldn\documents\visual studio 2017\projects\mk_lab1\release\mk_lab1.exe
c:\users\neldn\documents\visual studio 2017\projects\mk_lab1\release\mk_lab1.pdb
c:\users\neldn\documents\visual studio 2017\projects\mk_lab1\release\mk_lab1.ipdb
c:\users\neldn\documents\visual studio 2017\projects\mk_lab1\release\mk_lab1.iobj
c:\users\nelaps\documents\github\mk\mk_lab1\mk_lab1\release\mklab1.obj
c:\users\nelaps\documents\github\mk\mk_lab1\mk_lab1\release\stdafx.obj
c:\users\nelaps\documents\github\mk\mk_lab1\mk_lab1\release\mk_lab1.pch
c:\users\nelaps\documents\github\mk\mk_lab1\mk_lab1\release\vc141.pdb
c:\users\nelaps\documents\github\mk\mk_lab1\release\mk_lab1.pdb
c:\users\nelaps\documents\github\mk\mk_lab1\release\mk_lab1.exe
c:\users\nelaps\documents\github\mk\mk_lab1\mk_lab1\release\mk_lab1.tlog\cl.command.1.tlog
c:\users\nelaps\documents\github\mk\mk_lab1\mk_lab1\release\mk_lab1.tlog\cl.read.1.tlog
c:\users\nelaps\documents\github\mk\mk_lab1\mk_lab1\release\mk_lab1.tlog\cl.write.1.tlog
c:\users\nelaps\documents\github\mk\mk_lab1\mk_lab1\release\mk_lab1.tlog\link.command.1.tlog
c:\users\nelaps\documents\github\mk\mk_lab1\mk_lab1\release\mk_lab1.tlog\link.read.1.tlog
c:\users\nelaps\documents\github\mk\mk_lab1\mk_lab1\release\mk_lab1.tlog\link.write.1.tlog
c:\users\nelaps\documents\github\mk\mk_lab1\mk_lab1\release\mk_lab1.tlog\mk_lab1.write.1u.tlog
